<?xml version="1.0" encoding="UTF-8"?>
<!-- Generated by org.testng.reporters.JUnitXMLReporter -->
<testsuite ignored="4" hostname="SKAR1201144" failures="0" tests="2" name="Default test" time="25.439" errors="0" timestamp="2020-03-30T16:22:45 GMT-03:00">
  <testcase classname="testes.TestNG" name="PesquisarComLupa" time="1.23"/>
  <testcase classname="testes.TestNG" name="PesquisarComItensInexistentesComLupa" time="1.178"/>
  <testcase classname="testes.TestNG" name="EntrarNaTelaDeCadastroComSucesso" time="0.0">
    <ignored/>
  </testcase> <!-- EntrarNaTelaDeCadastroComSucesso -->
  <testcase classname="testes.TestNG" name="TelaCadastroComDadosInvalidos" time="0.0">
    <ignored/>
  </testcase> <!-- TelaCadastroComDadosInvalidos -->
  <testcase classname="testes.TestNG" name="PesquisaDeItensInexistentesPorClick" time="0.0">
    <ignored/>
  </testcase> <!-- PesquisaDeItensInexistentesPorClick -->
  <testcase classname="testes.TestNG" name="ClickProduto" time="0.0">
    <ignored/>
  </testcase> <!-- ClickProduto -->
</testsuite> <!-- Default test -->
