<?xml version="1.0" encoding="UTF-8"?>
<testng-results ignored="4" total="6" passed="2" failed="0" skipped="0">
  <reporter-output>
  </reporter-output>
  <suite started-at="2020-03-30T16:22:19 GMT-03:00" name="Default suite" finished-at="2020-03-30T16:22:45 GMT-03:00" duration-ms="25439">
    <groups>
    </groups>
    <test started-at="2020-03-30T16:22:19 GMT-03:00" name="Default test" finished-at="2020-03-30T16:22:45 GMT-03:00" duration-ms="25439">
      <class name="testes.TestNG">
        <test-method is-config="true" signature="Abrir()[pri:0, instance:testes.TestNG@2b6faea6]" started-at="2020-03-30T16:22:19 GMT-03:00" name="Abrir" finished-at="2020-03-30T16:22:31 GMT-03:00" duration-ms="11953" status="PASS">
          <reporter-output>
          </reporter-output>
        </test-method> <!-- Abrir -->
        <test-method signature="PesquisarComLupa()[pri:0, instance:testes.TestNG@2b6faea6]" started-at="2020-03-30T16:22:31 GMT-03:00" name="PesquisarComLupa" finished-at="2020-03-30T16:22:32 GMT-03:00" duration-ms="1230" status="PASS">
          <reporter-output>
          </reporter-output>
        </test-method> <!-- PesquisarComLupa -->
        <test-method is-config="true" signature="Abrir()[pri:0, instance:testes.TestNG@2b6faea6]" started-at="2020-03-30T16:22:32 GMT-03:00" name="Abrir" finished-at="2020-03-30T16:22:43 GMT-03:00" duration-ms="11045" status="PASS">
          <reporter-output>
          </reporter-output>
        </test-method> <!-- Abrir -->
        <test-method signature="PesquisarComItensInexistentesComLupa()[pri:1, instance:testes.TestNG@2b6faea6]" started-at="2020-03-30T16:22:43 GMT-03:00" name="PesquisarComItensInexistentesComLupa" finished-at="2020-03-30T16:22:45 GMT-03:00" duration-ms="1178" status="PASS">
          <reporter-output>
          </reporter-output>
        </test-method> <!-- PesquisarComItensInexistentesComLupa -->
      </class> <!-- testes.TestNG -->
    </test> <!-- Default test -->
  </suite> <!-- Default suite -->
</testng-results>
